# JRE version: Java(TM) SE Runtime Environment (8.0_201-b09) (build 1.8.0_201-b09)
# Java VM: Java HotSpot(TM) 64-Bit Server VM (25.201-b09 mixed mode linux-amd64 compressed oops)
Heap:
 PSYoungGen      total 493568K, used 12132K [0x00000000d7980000, 0x00000000f6e00000, 0x0000000100000000)
  eden space 474624K, 0% used [0x00000000d7980000,0x00000000d7980000,0x00000000f4900000)
  from space 18944K, 64% used [0x00000000f4900000,0x00000000f54d9330,0x00000000f5b80000)
  to   space 12800K, 0% used [0x00000000f6180000,0x00000000f6180000,0x00000000f6e00000)
 ParOldGen       total 71680K, used 38422K [0x0000000086c00000, 0x000000008b200000, 0x00000000d7980000)
  object space 71680K, 53% used [0x0000000086c00000,0x0000000089185ab8,0x000000008b200000)
 Metaspace       used 46395K, capacity 49160K, committed 49408K, reserved 1091584K
  class space    used 6402K, capacity 6912K, committed 6912K, reserved 1048576K
GC Heap History (10 events):
Event: 12,438 GC heap after
Heap after GC invocations=10 (full 1):
 PSYoungGen      total 232960K, used 13803K [0x00000000d7980000, 0x00000000ed280000, 0x0000000100000000)
  eden space 219136K, 0% used [0x00000000d7980000,0x00000000d7980000,0x00000000e4f80000)
  from space 13824K, 99% used [0x00000000e4f80000,0x00000000e5cfafc0,0x00000000e5d00000)
  to   space 18432K, 0% used [0x00000000ec080000,0x00000000ec080000,0x00000000ed280000)
 ParOldGen       total 48128K, used 18965K [0x0000000086c00000, 0x0000000089b00000, 0x00000000d7980000)
  object space 48128K, 39% used [0x0000000086c00000,0x0000000087e854a8,0x0000000089b00000)
 Metaspace       used 33946K, capacity 35008K, committed 35072K, reserved 1079296K
  class space    used 4608K, capacity 4859K, committed 4864K, reserved 1048576K
}
Event: 12,477 GC heap before
{Heap before GC invocations=11 (full 1):
 PSYoungGen      total 232960K, used 24177K [0x00000000d7980000, 0x00000000ed280000, 0x0000000100000000)
  eden space 219136K, 4% used [0x00000000d7980000,0x00000000d83a15d8,0x00000000e4f80000)
  from space 13824K, 99% used [0x00000000e4f80000,0x00000000e5cfafc0,0x00000000e5d00000)
  to   space 18432K, 0% used [0x00000000ec080000,0x00000000ec080000,0x00000000ed280000)
 ParOldGen       total 48128K, used 18965K [0x0000000086c00000, 0x0000000089b00000, 0x00000000d7980000)
  object space 48128K, 39% used [0x0000000086c00000,0x0000000087e854a8,0x0000000089b00000)
 Metaspace       used 34264K, capacity 35302K, committed 35456K, reserved 1079296K
  class space    used 4640K, capacity 4892K, committed 4992K, reserved 1048576K
Event: 12,489 GC heap after
Heap after GC invocations=11 (full 1):
 PSYoungGen      total 334848K, used 4189K [0x00000000d7980000, 0x00000000ee880000, 0x0000000100000000)
  eden space 316416K, 0% used [0x00000000d7980000,0x00000000d7980000,0x00000000eae80000)
  from space 18432K, 22% used [0x00000000ec080000,0x00000000ec4975b0,0x00000000ed280000)
  to   space 18432K, 0% used [0x00000000eae80000,0x00000000eae80000,0x00000000ec080000)
 ParOldGen       total 48128K, used 29122K [0x0000000086c00000, 0x0000000089b00000, 0x00000000d7980000)
  object space 48128K, 60% used [0x0000000086c00000,0x0000000088870b50,0x0000000089b00000)
 Metaspace       used 34264K, capacity 35302K, committed 35456K, reserved 1079296K
  class space    used 4640K, capacity 4892K, committed 4992K, reserved 1048576K
}
Event: 12,489 GC heap before
{Heap before GC invocations=12 (full 2):
 PSYoungGen      total 334848K, used 4189K [0x00000000d7980000, 0x00000000ee880000, 0x0000000100000000)
  eden space 316416K, 0% used [0x00000000d7980000,0x00000000d7980000,0x00000000eae80000)
  from space 18432K, 22% used [0x00000000ec080000,0x00000000ec4975b0,0x00000000ed280000)
  to   space 18432K, 0% used [0x00000000eae80000,0x00000000eae80000,0x00000000ec080000)
 ParOldGen       total 48128K, used 29122K [0x0000000086c00000, 0x0000000089b00000, 0x00000000d7980000)
  object space 48128K, 60% used [0x0000000086c00000,0x0000000088870b50,0x0000000089b00000)
 Metaspace       used 34264K, capacity 35302K, committed 35456K, reserved 1079296K
  class space    used 4640K, capacity 4892K, committed 4992K, reserved 1048576K
Event: 12,547 GC heap after
Heap after GC invocations=12 (full 2):
 PSYoungGen      total 334848K, used 0K [0x00000000d7980000, 0x00000000ee880000, 0x0000000100000000)
  eden space 316416K, 0% used [0x00000000d7980000,0x00000000d7980000,0x00000000eae80000)
  from space 18432K, 0% used [0x00000000ec080000,0x00000000ec080000,0x00000000ed280000)
  to   space 18432K, 0% used [0x00000000eae80000,0x00000000eae80000,0x00000000ec080000)
 ParOldGen       total 71680K, used 21068K [0x0000000086c00000, 0x000000008b200000, 0x00000000d7980000)
  object space 71680K, 29% used [0x0000000086c00000,0x0000000088093228,0x000000008b200000)
 Metaspace       used 34264K, capacity 35302K, committed 35456K, reserved 1079296K
  class space    used 4640K, capacity 4892K, committed 4992K, reserved 1048576K
}
Event: 14,504 GC heap before
{Heap before GC invocations=13 (full 2):
 PSYoungGen      total 334848K, used 316416K [0x00000000d7980000, 0x00000000ee880000, 0x0000000100000000)
  eden space 316416K, 100% used [0x00000000d7980000,0x00000000eae80000,0x00000000eae80000)
  from space 18432K, 0% used [0x00000000ec080000,0x00000000ec080000,0x00000000ed280000)
  to   space 18432K, 0% used [0x00000000eae80000,0x00000000eae80000,0x00000000ec080000)
 ParOldGen       total 71680K, used 21068K [0x0000000086c00000, 0x000000008b200000, 0x00000000d7980000)
  object space 71680K, 29% used [0x0000000086c00000,0x0000000088093228,0x000000008b200000)
 Metaspace       used 39474K, capacity 41292K, committed 41344K, reserved 1085440K
  class space    used 5371K, capacity 5722K, committed 5760K, reserved 1048576K
Event: 14,515 GC heap after
Heap after GC invocations=13 (full 2):
 PSYoungGen      total 334848K, used 13157K [0x00000000d7980000, 0x00000000f7400000, 0x0000000100000000)
  eden space 316416K, 0% used [0x00000000d7980000,0x00000000d7980000,0x00000000eae80000)
  from space 18432K, 71% used [0x00000000eae80000,0x00000000ebb59720,0x00000000ec080000)
  to   space 18944K, 0% used [0x00000000f6180000,0x00000000f6180000,0x00000000f7400000)
 ParOldGen       total 71680K, used 21076K [0x0000000086c00000, 0x000000008b200000, 0x00000000d7980000)
  object space 71680K, 29% used [0x0000000086c00000,0x0000000088095228,0x000000008b200000)
 Metaspace       used 39474K, capacity 41292K, committed 41344K, reserved 1085440K
  class space    used 5371K, capacity 5722K, committed 5760K, reserved 1048576K
}
Event: 16,134 GC heap before
{Heap before GC invocations=14 (full 2):
 PSYoungGen      total 334848K, used 329573K [0x00000000d7980000, 0x00000000f7400000, 0x0000000100000000)
  eden space 316416K, 100% used [0x00000000d7980000,0x00000000eae80000,0x00000000eae80000)
  from space 18432K, 71% used [0x00000000eae80000,0x00000000ebb59720,0x00000000ec080000)
  to   space 18944K, 0% used [0x00000000f6180000,0x00000000f6180000,0x00000000f7400000)
 ParOldGen       total 71680K, used 21076K [0x0000000086c00000, 0x000000008b200000, 0x00000000d7980000)
  object space 71680K, 29% used [0x0000000086c00000,0x0000000088095228,0x000000008b200000)
 Metaspace       used 43243K, capacity 45326K, committed 45568K, reserved 1089536K
  class space    used 5911K, capacity 6352K, committed 6400K, reserved 1048576K
Event: 16,148 GC heap after
Heap after GC invocations=14 (full 2):
 PSYoungGen      total 487424K, used 11117K [0x00000000d7980000, 0x00000000f6e00000, 0x0000000100000000)
  eden space 474624K, 0% used [0x00000000d7980000,0x00000000d7980000,0x00000000f4900000)
  from space 12800K, 86% used [0x00000000f6180000,0x00000000f6c5b608,0x00000000f6e00000)
  to   space 18944K, 0% used [0x00000000f4900000,0x00000000f4900000,0x00000000f5b80000)
 ParOldGen       total 71680K, used 30488K [0x0000000086c00000, 0x000000008b200000, 0x00000000d7980000)
  object space 71680K, 42% used [0x0000000086c00000,0x00000000889c60d8,0x000000008b200000)
 Metaspace       used 43243K, capacity 45326K, committed 45568K, reserved 1089536K
  class space    used 5911K, capacity 6352K, committed 6400K, reserved 1048576K
}
Event: 18,852 GC heap before
{Heap before GC invocations=15 (full 2):
 PSYoungGen      total 487424K, used 485741K [0x00000000d7980000, 0x00000000f6e00000, 0x0000000100000000)
  eden space 474624K, 100% used [0x00000000d7980000,0x00000000f4900000,0x00000000f4900000)
  from space 12800K, 86% used [0x00000000f6180000,0x00000000f6c5b608,0x00000000f6e00000)
  to   space 18944K, 0% used [0x00000000f4900000,0x00000000f4900000,0x00000000f5b80000)
 ParOldGen       total 71680K, used 30488K [0x0000000086c00000, 0x000000008b200000, 0x00000000d7980000)
  object space 71680K, 42% used [0x0000000086c00000,0x00000000889c60d8,0x000000008b200000)
 Metaspace       used 46395K, capacity 49160K, committed 49408K, reserved 1091584K
  class space    used 6402K, capacity 6912K, committed 6912K, reserved 1048576K

