# JRE version: Java(TM) SE Runtime Environment (8.0_201-b09) (build 1.8.0_201-b09)
# Java VM: Java HotSpot(TM) 64-Bit Server VM (25.201-b09 mixed mode linux-amd64 compressed oops)
Heap:
 PSYoungGen      total 461312K, used 11787K [0x00000000d7980000, 0x00000000f4f80000, 0x0000000100000000)
  eden space 442368K, 0% used [0x00000000d7980000,0x00000000d7980000,0x00000000f2980000)
  from space 18944K, 62% used [0x00000000f2a80000,0x00000000f3602c70,0x00000000f3d00000)
  to   space 10752K, 0% used [0x00000000f4500000,0x00000000f4500000,0x00000000f4f80000)
 ParOldGen       total 74240K, used 37959K [0x0000000086c00000, 0x000000008b480000, 0x00000000d7980000)
  object space 74240K, 51% used [0x0000000086c00000,0x0000000089111dd8,0x000000008b480000)
 Metaspace       used 46197K, capacity 48840K, committed 48896K, reserved 1091584K
  class space    used 6361K, capacity 6860K, committed 6912K, reserved 1048576K
GC Heap History (10 events):
Event: 4,391 GC heap after
Heap after GC invocations=10 (full 1):
 PSYoungGen      total 230400K, used 13803K [0x00000000d7980000, 0x00000000ec880000, 0x0000000100000000)
  eden space 216576K, 0% used [0x00000000d7980000,0x00000000d7980000,0x00000000e4d00000)
  from space 13824K, 99% used [0x00000000e4d00000,0x00000000e5a7afc0,0x00000000e5a80000)
  to   space 18944K, 0% used [0x00000000eb600000,0x00000000eb600000,0x00000000ec880000)
 ParOldGen       total 47104K, used 19179K [0x0000000086c00000, 0x0000000089a00000, 0x00000000d7980000)
  object space 47104K, 40% used [0x0000000086c00000,0x0000000087ebaf18,0x0000000089a00000)
 Metaspace       used 34004K, capacity 35088K, committed 35328K, reserved 1079296K
  class space    used 4602K, capacity 4849K, committed 4864K, reserved 1048576K
}
Event: 4,417 GC heap before
{Heap before GC invocations=11 (full 1):
 PSYoungGen      total 230400K, used 22243K [0x00000000d7980000, 0x00000000ec880000, 0x0000000100000000)
  eden space 216576K, 3% used [0x00000000d7980000,0x00000000d81be010,0x00000000e4d00000)
  from space 13824K, 99% used [0x00000000e4d00000,0x00000000e5a7afc0,0x00000000e5a80000)
  to   space 18944K, 0% used [0x00000000eb600000,0x00000000eb600000,0x00000000ec880000)
 ParOldGen       total 47104K, used 19179K [0x0000000086c00000, 0x0000000089a00000, 0x00000000d7980000)
  object space 47104K, 40% used [0x0000000086c00000,0x0000000087ebaf18,0x0000000089a00000)
 Metaspace       used 34245K, capacity 35318K, committed 35456K, reserved 1079296K
  class space    used 4614K, capacity 4882K, committed 4992K, reserved 1048576K
Event: 4,429 GC heap after
Heap after GC invocations=11 (full 1):
 PSYoungGen      total 324608K, used 4293K [0x00000000d7980000, 0x00000000edb80000, 0x0000000100000000)
  eden space 305664K, 0% used [0x00000000d7980000,0x00000000d7980000,0x00000000ea400000)
  from space 18944K, 22% used [0x00000000eb600000,0x00000000eba314c0,0x00000000ec880000)
  to   space 18432K, 0% used [0x00000000ea400000,0x00000000ea400000,0x00000000eb600000)
 ParOldGen       total 47104K, used 29233K [0x0000000086c00000, 0x0000000089a00000, 0x00000000d7980000)
  object space 47104K, 62% used [0x0000000086c00000,0x000000008888c588,0x0000000089a00000)
 Metaspace       used 34245K, capacity 35318K, committed 35456K, reserved 1079296K
  class space    used 4614K, capacity 4882K, committed 4992K, reserved 1048576K
}
Event: 4,429 GC heap before
{Heap before GC invocations=12 (full 2):
 PSYoungGen      total 324608K, used 4293K [0x00000000d7980000, 0x00000000edb80000, 0x0000000100000000)
  eden space 305664K, 0% used [0x00000000d7980000,0x00000000d7980000,0x00000000ea400000)
  from space 18944K, 22% used [0x00000000eb600000,0x00000000eba314c0,0x00000000ec880000)
  to   space 18432K, 0% used [0x00000000ea400000,0x00000000ea400000,0x00000000eb600000)
 ParOldGen       total 47104K, used 29233K [0x0000000086c00000, 0x0000000089a00000, 0x00000000d7980000)
  object space 47104K, 62% used [0x0000000086c00000,0x000000008888c588,0x0000000089a00000)
 Metaspace       used 34245K, capacity 35318K, committed 35456K, reserved 1079296K
  class space    used 4614K, capacity 4882K, committed 4992K, reserved 1048576K
Event: 4,494 GC heap after
Heap after GC invocations=12 (full 2):
 PSYoungGen      total 324608K, used 0K [0x00000000d7980000, 0x00000000edb80000, 0x0000000100000000)
  eden space 305664K, 0% used [0x00000000d7980000,0x00000000d7980000,0x00000000ea400000)
  from space 18944K, 0% used [0x00000000eb600000,0x00000000eb600000,0x00000000ec880000)
  to   space 18432K, 0% used [0x00000000ea400000,0x00000000ea400000,0x00000000eb600000)
 ParOldGen       total 74240K, used 21030K [0x0000000086c00000, 0x000000008b480000, 0x00000000d7980000)
  object space 74240K, 28% used [0x0000000086c00000,0x0000000088089b08,0x000000008b480000)
 Metaspace       used 34245K, capacity 35318K, committed 35456K, reserved 1079296K
  class space    used 4614K, capacity 4882K, committed 4992K, reserved 1048576K
}
Event: 5,967 GC heap before
{Heap before GC invocations=13 (full 2):
 PSYoungGen      total 324608K, used 305664K [0x00000000d7980000, 0x00000000edb80000, 0x0000000100000000)
  eden space 305664K, 100% used [0x00000000d7980000,0x00000000ea400000,0x00000000ea400000)
  from space 18944K, 0% used [0x00000000eb600000,0x00000000eb600000,0x00000000ec880000)
  to   space 18432K, 0% used [0x00000000ea400000,0x00000000ea400000,0x00000000eb600000)
 ParOldGen       total 74240K, used 21030K [0x0000000086c00000, 0x000000008b480000, 0x00000000d7980000)
  object space 74240K, 28% used [0x0000000086c00000,0x0000000088089b08,0x000000008b480000)
 Metaspace       used 39498K, capacity 41244K, committed 41344K, reserved 1085440K
  class space    used 5364K, capacity 5712K, committed 5760K, reserved 1048576K
Event: 5,979 GC heap after
Heap after GC invocations=13 (full 2):
 PSYoungGen      total 324096K, used 13132K [0x00000000d7980000, 0x00000000f5800000, 0x0000000100000000)
  eden space 305664K, 0% used [0x00000000d7980000,0x00000000d7980000,0x00000000ea400000)
  from space 18432K, 71% used [0x00000000ea400000,0x00000000eb0d32d8,0x00000000eb600000)
  to   space 19456K, 0% used [0x00000000f4500000,0x00000000f4500000,0x00000000f5800000)
 ParOldGen       total 74240K, used 21038K [0x0000000086c00000, 0x000000008b480000, 0x00000000d7980000)
  object space 74240K, 28% used [0x0000000086c00000,0x000000008808bb08,0x000000008b480000)
 Metaspace       used 39498K, capacity 41244K, committed 41344K, reserved 1085440K
  class space    used 5364K, capacity 5712K, committed 5760K, reserved 1048576K
}
Event: 8,125 GC heap before
{Heap before GC invocations=14 (full 2):
 PSYoungGen      total 324096K, used 318796K [0x00000000d7980000, 0x00000000f5800000, 0x0000000100000000)
  eden space 305664K, 100% used [0x00000000d7980000,0x00000000ea400000,0x00000000ea400000)
  from space 18432K, 71% used [0x00000000ea400000,0x00000000eb0d32d8,0x00000000eb600000)
  to   space 19456K, 0% used [0x00000000f4500000,0x00000000f4500000,0x00000000f5800000)
 ParOldGen       total 74240K, used 21038K [0x0000000086c00000, 0x000000008b480000, 0x00000000d7980000)
  object space 74240K, 28% used [0x0000000086c00000,0x000000008808bb08,0x000000008b480000)
 Metaspace       used 42923K, capacity 45016K, committed 45312K, reserved 1087488K
  class space    used 5857K, capacity 6277K, committed 6400K, reserved 1048576K
Event: 8,145 GC heap after
Heap after GC invocations=14 (full 2):
 PSYoungGen      total 453120K, used 10462K [0x00000000d7980000, 0x00000000f4f80000, 0x0000000100000000)
  eden space 442368K, 0% used [0x00000000d7980000,0x00000000d7980000,0x00000000f2980000)
  from space 10752K, 97% used [0x00000000f4500000,0x00000000f4f37b48,0x00000000f4f80000)
  to   space 18944K, 0% used [0x00000000f2a80000,0x00000000f2a80000,0x00000000f3d00000)
 ParOldGen       total 74240K, used 30304K [0x0000000086c00000, 0x000000008b480000, 0x00000000d7980000)
  object space 74240K, 40% used [0x0000000086c00000,0x00000000889983f8,0x000000008b480000)
 Metaspace       used 42923K, capacity 45016K, committed 45312K, reserved 1087488K
  class space    used 5857K, capacity 6277K, committed 6400K, reserved 1048576K
}
Event: 10,406 GC heap before
{Heap before GC invocations=15 (full 2):
 PSYoungGen      total 453120K, used 452830K [0x00000000d7980000, 0x00000000f4f80000, 0x0000000100000000)
  eden space 442368K, 100% used [0x00000000d7980000,0x00000000f2980000,0x00000000f2980000)
  from space 10752K, 97% used [0x00000000f4500000,0x00000000f4f37b48,0x00000000f4f80000)
  to   space 18944K, 0% used [0x00000000f2a80000,0x00000000f2a80000,0x00000000f3d00000)
 ParOldGen       total 74240K, used 30304K [0x0000000086c00000, 0x000000008b480000, 0x00000000d7980000)
  object space 74240K, 40% used [0x0000000086c00000,0x00000000889983f8,0x000000008b480000)
 Metaspace       used 46197K, capacity 48840K, committed 48896K, reserved 1091584K
  class space    used 6361K, capacity 6860K, committed 6912K, reserved 1048576K

